[2024-08-11T08:29:42.252+0000] {processor.py:161} INFO - Started process (PID=2867) to work on /home/ubuntu/zilloapi/lib/python3.12/site-packages/airflow/example_dags/plugins/workday.py
[2024-08-11T08:29:42.252+0000] {processor.py:830} INFO - Processing file /home/ubuntu/zilloapi/lib/python3.12/site-packages/airflow/example_dags/plugins/workday.py for tasks to queue
[2024-08-11T08:29:42.255+0000] {logging_mixin.py:188} INFO - [2024-08-11T08:29:42.253+0000] {dagbag.py:545} INFO - Filling up the DagBag from /home/ubuntu/zilloapi/lib/python3.12/site-packages/airflow/example_dags/plugins/workday.py
[2024-08-11T08:29:42.257+0000] {logging_mixin.py:188} INFO - [2024-08-11T08:29:42.257+0000] {workday.py:41} WARNING - Could not import pandas. Holidays will not be considered.
[2024-08-11T08:29:42.257+0000] {processor.py:842} WARNING - No viable dags retrieved from /home/ubuntu/zilloapi/lib/python3.12/site-packages/airflow/example_dags/plugins/workday.py
[2024-08-11T08:29:42.267+0000] {processor.py:183} INFO - Processing /home/ubuntu/zilloapi/lib/python3.12/site-packages/airflow/example_dags/plugins/workday.py took 0.020 seconds
[2024-08-11T08:30:35.282+0000] {processor.py:161} INFO - Started process (PID=3019) to work on /home/ubuntu/zilloapi/lib/python3.12/site-packages/airflow/example_dags/plugins/workday.py
[2024-08-11T08:30:35.284+0000] {processor.py:830} INFO - Processing file /home/ubuntu/zilloapi/lib/python3.12/site-packages/airflow/example_dags/plugins/workday.py for tasks to queue
[2024-08-11T08:30:35.285+0000] {logging_mixin.py:188} INFO - [2024-08-11T08:30:35.285+0000] {dagbag.py:545} INFO - Filling up the DagBag from /home/ubuntu/zilloapi/lib/python3.12/site-packages/airflow/example_dags/plugins/workday.py
[2024-08-11T08:30:35.288+0000] {logging_mixin.py:188} INFO - [2024-08-11T08:30:35.288+0000] {workday.py:41} WARNING - Could not import pandas. Holidays will not be considered.
[2024-08-11T08:30:35.288+0000] {processor.py:842} WARNING - No viable dags retrieved from /home/ubuntu/zilloapi/lib/python3.12/site-packages/airflow/example_dags/plugins/workday.py
[2024-08-11T08:30:35.298+0000] {processor.py:183} INFO - Processing /home/ubuntu/zilloapi/lib/python3.12/site-packages/airflow/example_dags/plugins/workday.py took 0.022 seconds
[2024-08-11T08:31:18.609+0000] {processor.py:161} INFO - Started process (PID=3233) to work on /home/ubuntu/zilloapi/lib/python3.12/site-packages/airflow/example_dags/plugins/workday.py
[2024-08-11T08:31:18.610+0000] {processor.py:830} INFO - Processing file /home/ubuntu/zilloapi/lib/python3.12/site-packages/airflow/example_dags/plugins/workday.py for tasks to queue
[2024-08-11T08:31:18.612+0000] {logging_mixin.py:188} INFO - [2024-08-11T08:31:18.611+0000] {dagbag.py:545} INFO - Filling up the DagBag from /home/ubuntu/zilloapi/lib/python3.12/site-packages/airflow/example_dags/plugins/workday.py
[2024-08-11T08:31:18.614+0000] {logging_mixin.py:188} INFO - [2024-08-11T08:31:18.614+0000] {workday.py:41} WARNING - Could not import pandas. Holidays will not be considered.
[2024-08-11T08:31:18.614+0000] {processor.py:842} WARNING - No viable dags retrieved from /home/ubuntu/zilloapi/lib/python3.12/site-packages/airflow/example_dags/plugins/workday.py
[2024-08-11T08:31:18.623+0000] {processor.py:183} INFO - Processing /home/ubuntu/zilloapi/lib/python3.12/site-packages/airflow/example_dags/plugins/workday.py took 0.019 seconds
[2024-08-11T08:31:59.687+0000] {processor.py:161} INFO - Started process (PID=3285) to work on /home/ubuntu/zilloapi/lib/python3.12/site-packages/airflow/example_dags/plugins/workday.py
[2024-08-11T08:31:59.689+0000] {processor.py:830} INFO - Processing file /home/ubuntu/zilloapi/lib/python3.12/site-packages/airflow/example_dags/plugins/workday.py for tasks to queue
[2024-08-11T08:31:59.691+0000] {logging_mixin.py:188} INFO - [2024-08-11T08:31:59.691+0000] {dagbag.py:545} INFO - Filling up the DagBag from /home/ubuntu/zilloapi/lib/python3.12/site-packages/airflow/example_dags/plugins/workday.py
[2024-08-11T08:31:59.693+0000] {logging_mixin.py:188} INFO - [2024-08-11T08:31:59.693+0000] {workday.py:41} WARNING - Could not import pandas. Holidays will not be considered.
[2024-08-11T08:31:59.694+0000] {processor.py:842} WARNING - No viable dags retrieved from /home/ubuntu/zilloapi/lib/python3.12/site-packages/airflow/example_dags/plugins/workday.py
[2024-08-11T08:31:59.705+0000] {processor.py:183} INFO - Processing /home/ubuntu/zilloapi/lib/python3.12/site-packages/airflow/example_dags/plugins/workday.py took 0.024 seconds
[2024-08-11T08:32:38.688+0000] {processor.py:161} INFO - Started process (PID=3325) to work on /home/ubuntu/zilloapi/lib/python3.12/site-packages/airflow/example_dags/plugins/workday.py
[2024-08-11T08:32:38.691+0000] {processor.py:830} INFO - Processing file /home/ubuntu/zilloapi/lib/python3.12/site-packages/airflow/example_dags/plugins/workday.py for tasks to queue
[2024-08-11T08:32:38.692+0000] {logging_mixin.py:188} INFO - [2024-08-11T08:32:38.692+0000] {dagbag.py:545} INFO - Filling up the DagBag from /home/ubuntu/zilloapi/lib/python3.12/site-packages/airflow/example_dags/plugins/workday.py
[2024-08-11T08:32:38.695+0000] {logging_mixin.py:188} INFO - [2024-08-11T08:32:38.695+0000] {workday.py:41} WARNING - Could not import pandas. Holidays will not be considered.
[2024-08-11T08:32:38.695+0000] {processor.py:842} WARNING - No viable dags retrieved from /home/ubuntu/zilloapi/lib/python3.12/site-packages/airflow/example_dags/plugins/workday.py
[2024-08-11T08:32:38.705+0000] {processor.py:183} INFO - Processing /home/ubuntu/zilloapi/lib/python3.12/site-packages/airflow/example_dags/plugins/workday.py took 0.022 seconds
[2024-08-11T08:33:20.224+0000] {processor.py:161} INFO - Started process (PID=3369) to work on /home/ubuntu/zilloapi/lib/python3.12/site-packages/airflow/example_dags/plugins/workday.py
[2024-08-11T08:33:20.226+0000] {processor.py:830} INFO - Processing file /home/ubuntu/zilloapi/lib/python3.12/site-packages/airflow/example_dags/plugins/workday.py for tasks to queue
[2024-08-11T08:33:20.228+0000] {logging_mixin.py:188} INFO - [2024-08-11T08:33:20.227+0000] {dagbag.py:545} INFO - Filling up the DagBag from /home/ubuntu/zilloapi/lib/python3.12/site-packages/airflow/example_dags/plugins/workday.py
[2024-08-11T08:33:20.230+0000] {logging_mixin.py:188} INFO - [2024-08-11T08:33:20.230+0000] {workday.py:41} WARNING - Could not import pandas. Holidays will not be considered.
[2024-08-11T08:33:20.230+0000] {processor.py:842} WARNING - No viable dags retrieved from /home/ubuntu/zilloapi/lib/python3.12/site-packages/airflow/example_dags/plugins/workday.py
[2024-08-11T08:33:20.241+0000] {processor.py:183} INFO - Processing /home/ubuntu/zilloapi/lib/python3.12/site-packages/airflow/example_dags/plugins/workday.py took 0.023 seconds
[2024-08-11T08:33:57.370+0000] {processor.py:161} INFO - Started process (PID=3409) to work on /home/ubuntu/zilloapi/lib/python3.12/site-packages/airflow/example_dags/plugins/workday.py
[2024-08-11T08:33:57.373+0000] {processor.py:830} INFO - Processing file /home/ubuntu/zilloapi/lib/python3.12/site-packages/airflow/example_dags/plugins/workday.py for tasks to queue
[2024-08-11T08:33:57.374+0000] {logging_mixin.py:188} INFO - [2024-08-11T08:33:57.374+0000] {dagbag.py:545} INFO - Filling up the DagBag from /home/ubuntu/zilloapi/lib/python3.12/site-packages/airflow/example_dags/plugins/workday.py
[2024-08-11T08:33:57.377+0000] {logging_mixin.py:188} INFO - [2024-08-11T08:33:57.377+0000] {workday.py:41} WARNING - Could not import pandas. Holidays will not be considered.
[2024-08-11T08:33:57.378+0000] {processor.py:842} WARNING - No viable dags retrieved from /home/ubuntu/zilloapi/lib/python3.12/site-packages/airflow/example_dags/plugins/workday.py
[2024-08-11T08:33:57.388+0000] {processor.py:183} INFO - Processing /home/ubuntu/zilloapi/lib/python3.12/site-packages/airflow/example_dags/plugins/workday.py took 0.022 seconds
[2024-08-11T08:34:37.265+0000] {processor.py:161} INFO - Started process (PID=3455) to work on /home/ubuntu/zilloapi/lib/python3.12/site-packages/airflow/example_dags/plugins/workday.py
[2024-08-11T08:34:37.267+0000] {processor.py:830} INFO - Processing file /home/ubuntu/zilloapi/lib/python3.12/site-packages/airflow/example_dags/plugins/workday.py for tasks to queue
[2024-08-11T08:34:37.268+0000] {logging_mixin.py:188} INFO - [2024-08-11T08:34:37.267+0000] {dagbag.py:545} INFO - Filling up the DagBag from /home/ubuntu/zilloapi/lib/python3.12/site-packages/airflow/example_dags/plugins/workday.py
[2024-08-11T08:34:37.270+0000] {logging_mixin.py:188} INFO - [2024-08-11T08:34:37.270+0000] {workday.py:41} WARNING - Could not import pandas. Holidays will not be considered.
[2024-08-11T08:34:37.271+0000] {processor.py:842} WARNING - No viable dags retrieved from /home/ubuntu/zilloapi/lib/python3.12/site-packages/airflow/example_dags/plugins/workday.py
[2024-08-11T08:34:37.280+0000] {processor.py:183} INFO - Processing /home/ubuntu/zilloapi/lib/python3.12/site-packages/airflow/example_dags/plugins/workday.py took 0.021 seconds
