[2024-08-11T08:29:38.281+0000] {processor.py:161} INFO - Started process (PID=2860) to work on /home/ubuntu/zilloapi/lib/python3.12/site-packages/airflow/example_dags/tutorial_taskflow_api.py
[2024-08-11T08:29:38.281+0000] {processor.py:830} INFO - Processing file /home/ubuntu/zilloapi/lib/python3.12/site-packages/airflow/example_dags/tutorial_taskflow_api.py for tasks to queue
[2024-08-11T08:29:38.284+0000] {logging_mixin.py:188} INFO - [2024-08-11T08:29:38.283+0000] {dagbag.py:545} INFO - Filling up the DagBag from /home/ubuntu/zilloapi/lib/python3.12/site-packages/airflow/example_dags/tutorial_taskflow_api.py
[2024-08-11T08:29:38.293+0000] {processor.py:840} INFO - DAG(s) 'tutorial_taskflow_api' retrieved from /home/ubuntu/zilloapi/lib/python3.12/site-packages/airflow/example_dags/tutorial_taskflow_api.py
[2024-08-11T08:29:38.407+0000] {logging_mixin.py:188} INFO - [2024-08-11T08:29:38.406+0000] {override.py:1858} INFO - Created Permission View: can delete on DAG:tutorial_taskflow_api
[2024-08-11T08:29:38.424+0000] {logging_mixin.py:188} INFO - [2024-08-11T08:29:38.424+0000] {override.py:1858} INFO - Created Permission View: can read on DAG:tutorial_taskflow_api
[2024-08-11T08:29:38.439+0000] {logging_mixin.py:188} INFO - [2024-08-11T08:29:38.438+0000] {override.py:1858} INFO - Created Permission View: can edit on DAG:tutorial_taskflow_api
[2024-08-11T08:29:38.439+0000] {logging_mixin.py:188} INFO - [2024-08-11T08:29:38.439+0000] {dag.py:3089} INFO - Sync 1 DAGs
[2024-08-11T08:29:38.449+0000] {logging_mixin.py:188} INFO - [2024-08-11T08:29:38.449+0000] {dag.py:3111} INFO - Creating ORM DAG for tutorial_taskflow_api
[2024-08-11T08:29:38.449+0000] {logging_mixin.py:188} INFO - [2024-08-11T08:29:38.449+0000] {dag.py:3947} INFO - Setting next_dagrun for tutorial_taskflow_api to None, run_after=None
[2024-08-11T08:29:38.470+0000] {processor.py:183} INFO - Processing /home/ubuntu/zilloapi/lib/python3.12/site-packages/airflow/example_dags/tutorial_taskflow_api.py took 0.194 seconds
[2024-08-11T08:30:32.367+0000] {processor.py:161} INFO - Started process (PID=3016) to work on /home/ubuntu/zilloapi/lib/python3.12/site-packages/airflow/example_dags/tutorial_taskflow_api.py
[2024-08-11T08:30:32.369+0000] {processor.py:830} INFO - Processing file /home/ubuntu/zilloapi/lib/python3.12/site-packages/airflow/example_dags/tutorial_taskflow_api.py for tasks to queue
[2024-08-11T08:30:32.371+0000] {logging_mixin.py:188} INFO - [2024-08-11T08:30:32.370+0000] {dagbag.py:545} INFO - Filling up the DagBag from /home/ubuntu/zilloapi/lib/python3.12/site-packages/airflow/example_dags/tutorial_taskflow_api.py
[2024-08-11T08:30:32.377+0000] {processor.py:840} INFO - DAG(s) 'tutorial_taskflow_api' retrieved from /home/ubuntu/zilloapi/lib/python3.12/site-packages/airflow/example_dags/tutorial_taskflow_api.py
[2024-08-11T08:30:32.393+0000] {logging_mixin.py:188} INFO - [2024-08-11T08:30:32.392+0000] {dag.py:3089} INFO - Sync 1 DAGs
[2024-08-11T08:30:32.403+0000] {logging_mixin.py:188} INFO - [2024-08-11T08:30:32.402+0000] {dag.py:3947} INFO - Setting next_dagrun for tutorial_taskflow_api to None, run_after=None
[2024-08-11T08:30:32.424+0000] {processor.py:183} INFO - Processing /home/ubuntu/zilloapi/lib/python3.12/site-packages/airflow/example_dags/tutorial_taskflow_api.py took 0.063 seconds
[2024-08-11T08:31:15.765+0000] {processor.py:161} INFO - Started process (PID=3230) to work on /home/ubuntu/zilloapi/lib/python3.12/site-packages/airflow/example_dags/tutorial_taskflow_api.py
[2024-08-11T08:31:15.767+0000] {processor.py:830} INFO - Processing file /home/ubuntu/zilloapi/lib/python3.12/site-packages/airflow/example_dags/tutorial_taskflow_api.py for tasks to queue
[2024-08-11T08:31:15.768+0000] {logging_mixin.py:188} INFO - [2024-08-11T08:31:15.768+0000] {dagbag.py:545} INFO - Filling up the DagBag from /home/ubuntu/zilloapi/lib/python3.12/site-packages/airflow/example_dags/tutorial_taskflow_api.py
[2024-08-11T08:31:15.774+0000] {processor.py:840} INFO - DAG(s) 'tutorial_taskflow_api' retrieved from /home/ubuntu/zilloapi/lib/python3.12/site-packages/airflow/example_dags/tutorial_taskflow_api.py
[2024-08-11T08:31:15.789+0000] {logging_mixin.py:188} INFO - [2024-08-11T08:31:15.788+0000] {dag.py:3089} INFO - Sync 1 DAGs
[2024-08-11T08:31:15.800+0000] {logging_mixin.py:188} INFO - [2024-08-11T08:31:15.800+0000] {dag.py:3947} INFO - Setting next_dagrun for tutorial_taskflow_api to None, run_after=None
[2024-08-11T08:31:15.820+0000] {processor.py:183} INFO - Processing /home/ubuntu/zilloapi/lib/python3.12/site-packages/airflow/example_dags/tutorial_taskflow_api.py took 0.061 seconds
[2024-08-11T08:31:56.817+0000] {processor.py:161} INFO - Started process (PID=3282) to work on /home/ubuntu/zilloapi/lib/python3.12/site-packages/airflow/example_dags/tutorial_taskflow_api.py
[2024-08-11T08:31:56.819+0000] {processor.py:830} INFO - Processing file /home/ubuntu/zilloapi/lib/python3.12/site-packages/airflow/example_dags/tutorial_taskflow_api.py for tasks to queue
[2024-08-11T08:31:56.820+0000] {logging_mixin.py:188} INFO - [2024-08-11T08:31:56.820+0000] {dagbag.py:545} INFO - Filling up the DagBag from /home/ubuntu/zilloapi/lib/python3.12/site-packages/airflow/example_dags/tutorial_taskflow_api.py
[2024-08-11T08:31:56.827+0000] {processor.py:840} INFO - DAG(s) 'tutorial_taskflow_api' retrieved from /home/ubuntu/zilloapi/lib/python3.12/site-packages/airflow/example_dags/tutorial_taskflow_api.py
[2024-08-11T08:31:56.841+0000] {logging_mixin.py:188} INFO - [2024-08-11T08:31:56.841+0000] {dag.py:3089} INFO - Sync 1 DAGs
[2024-08-11T08:31:56.852+0000] {logging_mixin.py:188} INFO - [2024-08-11T08:31:56.852+0000] {dag.py:3947} INFO - Setting next_dagrun for tutorial_taskflow_api to None, run_after=None
[2024-08-11T08:31:56.872+0000] {processor.py:183} INFO - Processing /home/ubuntu/zilloapi/lib/python3.12/site-packages/airflow/example_dags/tutorial_taskflow_api.py took 0.061 seconds
[2024-08-11T08:32:36.246+0000] {processor.py:161} INFO - Started process (PID=3322) to work on /home/ubuntu/zilloapi/lib/python3.12/site-packages/airflow/example_dags/tutorial_taskflow_api.py
[2024-08-11T08:32:36.248+0000] {processor.py:830} INFO - Processing file /home/ubuntu/zilloapi/lib/python3.12/site-packages/airflow/example_dags/tutorial_taskflow_api.py for tasks to queue
[2024-08-11T08:32:36.250+0000] {logging_mixin.py:188} INFO - [2024-08-11T08:32:36.249+0000] {dagbag.py:545} INFO - Filling up the DagBag from /home/ubuntu/zilloapi/lib/python3.12/site-packages/airflow/example_dags/tutorial_taskflow_api.py
[2024-08-11T08:32:36.256+0000] {processor.py:840} INFO - DAG(s) 'tutorial_taskflow_api' retrieved from /home/ubuntu/zilloapi/lib/python3.12/site-packages/airflow/example_dags/tutorial_taskflow_api.py
[2024-08-11T08:32:36.270+0000] {logging_mixin.py:188} INFO - [2024-08-11T08:32:36.270+0000] {dag.py:3089} INFO - Sync 1 DAGs
[2024-08-11T08:32:36.280+0000] {logging_mixin.py:188} INFO - [2024-08-11T08:32:36.280+0000] {dag.py:3947} INFO - Setting next_dagrun for tutorial_taskflow_api to None, run_after=None
[2024-08-11T08:32:36.304+0000] {processor.py:183} INFO - Processing /home/ubuntu/zilloapi/lib/python3.12/site-packages/airflow/example_dags/tutorial_taskflow_api.py took 0.065 seconds
[2024-08-11T08:33:16.813+0000] {processor.py:161} INFO - Started process (PID=3366) to work on /home/ubuntu/zilloapi/lib/python3.12/site-packages/airflow/example_dags/tutorial_taskflow_api.py
[2024-08-11T08:33:16.815+0000] {processor.py:830} INFO - Processing file /home/ubuntu/zilloapi/lib/python3.12/site-packages/airflow/example_dags/tutorial_taskflow_api.py for tasks to queue
[2024-08-11T08:33:16.816+0000] {logging_mixin.py:188} INFO - [2024-08-11T08:33:16.816+0000] {dagbag.py:545} INFO - Filling up the DagBag from /home/ubuntu/zilloapi/lib/python3.12/site-packages/airflow/example_dags/tutorial_taskflow_api.py
[2024-08-11T08:33:16.823+0000] {processor.py:840} INFO - DAG(s) 'tutorial_taskflow_api' retrieved from /home/ubuntu/zilloapi/lib/python3.12/site-packages/airflow/example_dags/tutorial_taskflow_api.py
[2024-08-11T08:33:16.837+0000] {logging_mixin.py:188} INFO - [2024-08-11T08:33:16.837+0000] {dag.py:3089} INFO - Sync 1 DAGs
[2024-08-11T08:33:16.848+0000] {logging_mixin.py:188} INFO - [2024-08-11T08:33:16.848+0000] {dag.py:3947} INFO - Setting next_dagrun for tutorial_taskflow_api to None, run_after=None
[2024-08-11T08:33:16.871+0000] {processor.py:183} INFO - Processing /home/ubuntu/zilloapi/lib/python3.12/site-packages/airflow/example_dags/tutorial_taskflow_api.py took 0.064 seconds
[2024-08-11T08:33:53.974+0000] {processor.py:161} INFO - Started process (PID=3406) to work on /home/ubuntu/zilloapi/lib/python3.12/site-packages/airflow/example_dags/tutorial_taskflow_api.py
[2024-08-11T08:33:53.977+0000] {processor.py:830} INFO - Processing file /home/ubuntu/zilloapi/lib/python3.12/site-packages/airflow/example_dags/tutorial_taskflow_api.py for tasks to queue
[2024-08-11T08:33:53.979+0000] {logging_mixin.py:188} INFO - [2024-08-11T08:33:53.978+0000] {dagbag.py:545} INFO - Filling up the DagBag from /home/ubuntu/zilloapi/lib/python3.12/site-packages/airflow/example_dags/tutorial_taskflow_api.py
[2024-08-11T08:33:53.985+0000] {processor.py:840} INFO - DAG(s) 'tutorial_taskflow_api' retrieved from /home/ubuntu/zilloapi/lib/python3.12/site-packages/airflow/example_dags/tutorial_taskflow_api.py
[2024-08-11T08:33:54.000+0000] {logging_mixin.py:188} INFO - [2024-08-11T08:33:54.000+0000] {dag.py:3089} INFO - Sync 1 DAGs
[2024-08-11T08:33:54.011+0000] {logging_mixin.py:188} INFO - [2024-08-11T08:33:54.011+0000] {dag.py:3947} INFO - Setting next_dagrun for tutorial_taskflow_api to None, run_after=None
[2024-08-11T08:33:54.034+0000] {processor.py:183} INFO - Processing /home/ubuntu/zilloapi/lib/python3.12/site-packages/airflow/example_dags/tutorial_taskflow_api.py took 0.065 seconds
[2024-08-11T08:34:33.830+0000] {processor.py:161} INFO - Started process (PID=3450) to work on /home/ubuntu/zilloapi/lib/python3.12/site-packages/airflow/example_dags/tutorial_taskflow_api.py
[2024-08-11T08:34:33.833+0000] {processor.py:830} INFO - Processing file /home/ubuntu/zilloapi/lib/python3.12/site-packages/airflow/example_dags/tutorial_taskflow_api.py for tasks to queue
[2024-08-11T08:34:33.835+0000] {logging_mixin.py:188} INFO - [2024-08-11T08:34:33.834+0000] {dagbag.py:545} INFO - Filling up the DagBag from /home/ubuntu/zilloapi/lib/python3.12/site-packages/airflow/example_dags/tutorial_taskflow_api.py
[2024-08-11T08:34:33.841+0000] {processor.py:840} INFO - DAG(s) 'tutorial_taskflow_api' retrieved from /home/ubuntu/zilloapi/lib/python3.12/site-packages/airflow/example_dags/tutorial_taskflow_api.py
[2024-08-11T08:34:33.856+0000] {logging_mixin.py:188} INFO - [2024-08-11T08:34:33.855+0000] {dag.py:3089} INFO - Sync 1 DAGs
[2024-08-11T08:34:33.865+0000] {logging_mixin.py:188} INFO - [2024-08-11T08:34:33.865+0000] {dag.py:3947} INFO - Setting next_dagrun for tutorial_taskflow_api to None, run_after=None
[2024-08-11T08:34:33.889+0000] {processor.py:183} INFO - Processing /home/ubuntu/zilloapi/lib/python3.12/site-packages/airflow/example_dags/tutorial_taskflow_api.py took 0.065 seconds
